<?xml version="1.0" encoding="UTF-8"?>
<!-- Generated by org.testng.reporters.JUnitReportReporter -->
<testsuite hostname="JohnWilliamPC" failures="0" tests="6" name="com.testautomation.TestRunner.TestRunner" time="72.525" errors="0" timestamp="2020-05-30T16:32:32 PDT" skipped="0">
  <testcase classname="com.testautomation.TestRunner.TestRunner" name="feature" time="11.817"/>
  <system-out/>
  <testcase classname="com.testautomation.TestRunner.TestRunner" name="feature" time="13.264"/>
  <system-out/>
  <testcase classname="com.testautomation.TestRunner.TestRunner" name="feature" time="10.824"/>
  <system-out/>
  <testcase classname="com.testautomation.TestRunner.TestRunner" name="feature" time="11.640"/>
  <system-out/>
  <testcase classname="com.testautomation.TestRunner.TestRunner" name="feature" time="13.410"/>
  <system-out/>
  <testcase classname="com.testautomation.TestRunner.TestRunner" name="feature" time="11.570"/>
  <system-out/>
</testsuite> <!-- com.testautomation.TestRunner.TestRunner -->
